{
  message: 'Redis connected',
  level: 'error',
  label: 'UM',
  timestamp: '2023-09-24T16:14:55.526Z'
}
{
  message: '🛢   Database is connected successfully',
  level: 'info',
  label: 'UM',
  timestamp: '2023-09-24T16:14:56.833Z'
}
{
  message: 'Application  listening on port 3001',
  level: 'info',
  label: 'UM',
  timestamp: '2023-09-24T16:14:56.838Z'
}
{
  message: 'Redis connected',
  level: 'error',
  label: 'UM',
  timestamp: '2023-09-24T16:15:32.099Z'
}
{
  message: '🛢   Database is connected successfully',
  level: 'info',
  label: 'UM',
  timestamp: '2023-09-24T16:15:33.688Z'
}
{
  message: 'Application  listening on port 3001',
  level: 'info',
  label: 'UM',
  timestamp: '2023-09-24T16:15:33.693Z'
}
{
  message: 'Redis connected',
  level: 'error',
  label: 'UM',
  timestamp: '2023-09-24T16:16:02.074Z'
}
{
  message: '🛢   Database is connected successfully',
  level: 'info',
  label: 'UM',
  timestamp: '2023-09-24T16:16:03.189Z'
}
{
  message: 'Application  listening on port 3001',
  level: 'info',
  label: 'UM',
  timestamp: '2023-09-24T16:16:03.194Z'
}
