{
  message: 'Database connected!',
  level: 'info',
  label: 'UM',
  timestamp: '2023-06-02T14:00:24.833Z'
}
{
  message: 'Server Listening on port 5000',
  level: 'info',
  label: 'UM',
  timestamp: '2023-06-02T14:00:24.839Z'
}
{
  message: 'Database connected!',
  level: 'info',
  label: 'UM',
  timestamp: '2023-06-02T14:00:41.738Z'
}
{
  message: 'Server Listening on port 5000',
  level: 'info',
  label: 'UM',
  timestamp: '2023-06-02T14:00:41.746Z'
}
{
  message: 'Database connected!',
  level: 'info',
  label: 'UM',
  timestamp: '2023-06-02T14:02:31.871Z'
}
{
  message: 'Server Listening on port 5000',
  level: 'info',
  label: 'UM',
  timestamp: '2023-06-02T14:02:31.877Z'
}
{
  message: 'Database connected!',
  level: 'info',
  label: 'UM',
  timestamp: '2023-06-02T14:03:33.636Z'
}
{
  message: 'Server Listening on port 5000',
  level: 'info',
  label: 'UM',
  timestamp: '2023-06-02T14:03:33.642Z'
}
{
  message: 'Database connected!',
  level: 'info',
  label: 'UM',
  timestamp: '2023-06-02T14:03:49.320Z'
}
{
  message: 'Server Listening on port 5000',
  level: 'info',
  label: 'UM',
  timestamp: '2023-06-02T14:03:49.327Z'
}
{
  message: 'Database connected!',
  level: 'info',
  label: 'UM',
  timestamp: '2023-06-02T14:04:59.666Z'
}
{
  message: 'Server Listening on port 5000',
  level: 'info',
  label: 'UM',
  timestamp: '2023-06-02T14:04:59.671Z'
}
{
  message: 'Database connected!',
  level: 'info',
  label: 'UM',
  timestamp: '2023-06-02T14:05:41.206Z'
}
{
  message: 'Server Listening on port 5000',
  level: 'info',
  label: 'UM',
  timestamp: '2023-06-02T14:05:41.212Z'
}
{
  message: 'Database connected!',
  level: 'info',
  label: 'UM',
  timestamp: '2023-06-02T14:06:20.829Z'
}
{
  message: 'Server Listening on port 5000',
  level: 'info',
  label: 'UM',
  timestamp: '2023-06-02T14:06:20.836Z'
}
{
  message: 'Database connected!',
  level: 'info',
  label: 'UM',
  timestamp: '2023-06-02T14:16:42.890Z'
}
{
  message: 'Server Listening on port 5000',
  level: 'info',
  label: 'UM',
  timestamp: '2023-06-02T14:16:42.896Z'
}
{
  message: 'Database connected!',
  level: 'info',
  label: 'UM',
  timestamp: '2023-06-02T14:17:05.553Z'
}
{
  message: 'Server Listening on port 5000',
  level: 'info',
  label: 'UM',
  timestamp: '2023-06-02T14:17:05.559Z'
}
{
  message: 'Database connected!',
  level: 'info',
  label: 'UM',
  timestamp: '2023-06-02T14:18:57.510Z'
}
{
  message: 'Server Listening on port 5000',
  level: 'info',
  label: 'UM',
  timestamp: '2023-06-02T14:18:57.516Z'
}
{
  message: 'Database connected!',
  level: 'info',
  label: 'UM',
  timestamp: '2023-06-02T14:19:28.695Z'
}
{
  message: 'Server Listening on port 5000',
  level: 'info',
  label: 'UM',
  timestamp: '2023-06-02T14:19:28.702Z'
}
