{
  message: 'Redis connected',
  level: 'error',
  label: 'UM',
  timestamp: '2023-10-11T16:00:52.855Z'
}
{
  message: '🛢   Database is connected successfully',
  level: 'info',
  label: 'UM',
  timestamp: '2023-10-11T16:00:59.981Z'
}
{
  message: 'Application  listening on port 3001',
  level: 'info',
  label: 'UM',
  timestamp: '2023-10-11T16:01:00.002Z'
}
{
  message: 'Redis connected',
  level: 'error',
  label: 'UM',
  timestamp: '2023-10-11T16:01:01.498Z'
}
{
  message: '🛢   Database is connected successfully',
  level: 'info',
  label: 'UM',
  timestamp: '2023-10-11T16:01:02.114Z'
}
{
  message: 'Application  listening on port 3001',
  level: 'info',
  label: 'UM',
  timestamp: '2023-10-11T16:01:02.118Z'
}
