{
  message: 'Redis connected',
  level: 'error',
  label: 'UM',
  timestamp: '2023-10-11T20:32:08.094Z'
}
{
  message: '🛢   Database is connected successfully',
  level: 'info',
  label: 'UM',
  timestamp: '2023-10-11T20:32:09.802Z'
}
{
  message: 'Application  listening on port 3001',
  level: 'info',
  label: 'UM',
  timestamp: '2023-10-11T20:32:09.810Z'
}
{
  message: 'Redis connected',
  level: 'error',
  label: 'UM',
  timestamp: '2023-10-11T20:33:04.898Z'
}
{
  message: '🛢   Database is connected successfully',
  level: 'info',
  label: 'UM',
  timestamp: '2023-10-11T20:33:06.107Z'
}
{
  message: 'Application  listening on port 3001',
  level: 'info',
  label: 'UM',
  timestamp: '2023-10-11T20:33:06.111Z'
}
