{
  message: 'Database connected!',
  level: 'info',
  label: 'UM',
  timestamp: '2023-06-16T19:09:47.825Z'
}
{
  message: 'Server Listening on port 5000',
  level: 'info',
  label: 'UM',
  timestamp: '2023-06-16T19:09:47.832Z'
}
{
  message: 'Database connected!',
  level: 'info',
  label: 'UM',
  timestamp: '2023-06-16T19:11:23.838Z'
}
{
  message: 'Server Listening on port 5000',
  level: 'info',
  label: 'UM',
  timestamp: '2023-06-16T19:11:23.844Z'
}
{
  message: 'Database connected!',
  level: 'info',
  label: 'UM',
  timestamp: '2023-06-16T19:12:12.403Z'
}
{
  message: 'Server Listening on port 5000',
  level: 'info',
  label: 'UM',
  timestamp: '2023-06-16T19:12:12.410Z'
}
{
  message: 'Database connected!',
  level: 'info',
  label: 'UM',
  timestamp: '2023-06-16T19:12:34.622Z'
}
{
  message: 'Server Listening on port 5000',
  level: 'info',
  label: 'UM',
  timestamp: '2023-06-16T19:12:34.628Z'
}
{
  message: 'Database connected!',
  level: 'info',
  label: 'UM',
  timestamp: '2023-06-16T19:18:21.046Z'
}
{
  message: 'Server Listening on port 5000',
  level: 'info',
  label: 'UM',
  timestamp: '2023-06-16T19:18:21.052Z'
}
{
  message: 'Database connected!',
  level: 'info',
  label: 'UM',
  timestamp: '2023-06-16T19:24:02.089Z'
}
{
  message: 'Server Listening on port 5000',
  level: 'info',
  label: 'UM',
  timestamp: '2023-06-16T19:24:02.095Z'
}
{
  message: 'Database connected!',
  level: 'info',
  label: 'UM',
  timestamp: '2023-06-16T19:25:39.634Z'
}
{
  message: 'Server Listening on port 5000',
  level: 'info',
  label: 'UM',
  timestamp: '2023-06-16T19:25:39.640Z'
}
{
  message: 'Database connected!',
  level: 'info',
  label: 'UM',
  timestamp: '2023-06-16T19:27:53.801Z'
}
{
  message: 'Server Listening on port 5000',
  level: 'info',
  label: 'UM',
  timestamp: '2023-06-16T19:27:53.808Z'
}
{
  message: 'Database connected!',
  level: 'info',
  label: 'UM',
  timestamp: '2023-06-16T19:29:22.189Z'
}
{
  message: 'Server Listening on port 5000',
  level: 'info',
  label: 'UM',
  timestamp: '2023-06-16T19:29:22.198Z'
}
{
  message: 'Database connected!',
  level: 'info',
  label: 'UM',
  timestamp: '2023-06-16T19:39:23.541Z'
}
{
  message: 'Server Listening on port 5000',
  level: 'info',
  label: 'UM',
  timestamp: '2023-06-16T19:39:23.547Z'
}
{
  message: 'Database connected!',
  level: 'info',
  label: 'UM',
  timestamp: '2023-06-16T19:41:02.440Z'
}
{
  message: 'Server Listening on port 5000',
  level: 'info',
  label: 'UM',
  timestamp: '2023-06-16T19:41:02.446Z'
}
{
  message: 'Database connected!',
  level: 'info',
  label: 'UM',
  timestamp: '2023-06-16T19:42:13.055Z'
}
{
  message: 'Server Listening on port 5000',
  level: 'info',
  label: 'UM',
  timestamp: '2023-06-16T19:42:13.061Z'
}
{
  message: 'Database connected!',
  level: 'info',
  label: 'UM',
  timestamp: '2023-06-16T19:44:18.835Z'
}
{
  message: 'Server Listening on port 5000',
  level: 'info',
  label: 'UM',
  timestamp: '2023-06-16T19:44:18.842Z'
}
{
  message: 'Database connected!',
  level: 'info',
  label: 'UM',
  timestamp: '2023-06-16T19:45:08.675Z'
}
{
  message: 'Server Listening on port 5000',
  level: 'info',
  label: 'UM',
  timestamp: '2023-06-16T19:45:08.683Z'
}
{
  message: 'Database connected!',
  level: 'info',
  label: 'UM',
  timestamp: '2023-06-16T19:47:13.753Z'
}
{
  message: 'Server Listening on port 5000',
  level: 'info',
  label: 'UM',
  timestamp: '2023-06-16T19:47:13.760Z'
}
{
  message: 'Database connected!',
  level: 'info',
  label: 'UM',
  timestamp: '2023-06-16T19:50:39.791Z'
}
{
  message: 'Server Listening on port 5000',
  level: 'info',
  label: 'UM',
  timestamp: '2023-06-16T19:50:39.797Z'
}
{
  message: 'Database connected!',
  level: 'info',
  label: 'UM',
  timestamp: '2023-06-16T19:55:43.832Z'
}
{
  message: 'Server Listening on port 5000',
  level: 'info',
  label: 'UM',
  timestamp: '2023-06-16T19:55:43.839Z'
}
{
  message: 'Database connected!',
  level: 'info',
  label: 'UM',
  timestamp: '2023-06-16T19:56:17.224Z'
}
{
  message: 'Server Listening on port 5000',
  level: 'info',
  label: 'UM',
  timestamp: '2023-06-16T19:56:17.230Z'
}
