{
  message: 'Redis connected',
  level: 'error',
  label: 'UM',
  timestamp: '2023-10-11T18:27:00.386Z'
}
{
  message: '🛢   Database is connected successfully',
  level: 'info',
  label: 'UM',
  timestamp: '2023-10-11T18:27:01.802Z'
}
{
  message: 'Application  listening on port 3001',
  level: 'info',
  label: 'UM',
  timestamp: '2023-10-11T18:27:01.806Z'
}
{
  message: 'Redis connected',
  level: 'error',
  label: 'UM',
  timestamp: '2023-10-11T18:33:54.530Z'
}
{
  message: '🛢   Database is connected successfully',
  level: 'info',
  label: 'UM',
  timestamp: '2023-10-11T18:33:55.880Z'
}
{
  message: 'Application  listening on port 3001',
  level: 'info',
  label: 'UM',
  timestamp: '2023-10-11T18:33:55.884Z'
}
{
  message: 'Redis connected',
  level: 'error',
  label: 'UM',
  timestamp: '2023-10-11T18:34:53.186Z'
}
{
  message: '🛢   Database is connected successfully',
  level: 'info',
  label: 'UM',
  timestamp: '2023-10-11T18:34:54.461Z'
}
{
  message: 'Application  listening on port 3001',
  level: 'info',
  label: 'UM',
  timestamp: '2023-10-11T18:34:54.464Z'
}
{
  message: 'Redis connected',
  level: 'error',
  label: 'UM',
  timestamp: '2023-10-11T18:38:16.150Z'
}
{
  message: '🛢   Database is connected successfully',
  level: 'info',
  label: 'UM',
  timestamp: '2023-10-11T18:38:17.752Z'
}
{
  message: 'Application  listening on port 3001',
  level: 'info',
  label: 'UM',
  timestamp: '2023-10-11T18:38:17.757Z'
}
{
  message: 'Redis connected',
  level: 'error',
  label: 'UM',
  timestamp: '2023-10-11T18:39:47.428Z'
}
{
  message: '🛢   Database is connected successfully',
  level: 'info',
  label: 'UM',
  timestamp: '2023-10-11T18:39:48.757Z'
}
{
  message: 'Application  listening on port 3001',
  level: 'info',
  label: 'UM',
  timestamp: '2023-10-11T18:39:48.761Z'
}
{
  message: 'Redis connected',
  level: 'error',
  label: 'UM',
  timestamp: '2023-10-11T18:40:58.722Z'
}
{
  message: 'Redis connected',
  level: 'error',
  label: 'UM',
  timestamp: '2023-10-11T18:41:03.515Z'
}
{
  message: '🛢   Database is connected successfully',
  level: 'info',
  label: 'UM',
  timestamp: '2023-10-11T18:41:04.743Z'
}
{
  message: 'Application  listening on port 3001',
  level: 'info',
  label: 'UM',
  timestamp: '2023-10-11T18:41:04.747Z'
}
