{
  message: 'Database connected!',
  level: 'info',
  label: 'UM',
  timestamp: '2023-06-10T14:13:51.744Z'
}
{
  message: 'Server Listening on port 5000',
  level: 'info',
  label: 'UM',
  timestamp: '2023-06-10T14:13:51.750Z'
}
{
  message: 'Database connected!',
  level: 'info',
  label: 'UM',
  timestamp: '2023-06-10T14:14:04.275Z'
}
{
  message: 'Server Listening on port 5000',
  level: 'info',
  label: 'UM',
  timestamp: '2023-06-10T14:14:04.282Z'
}
{
  message: 'Database connected!',
  level: 'info',
  label: 'UM',
  timestamp: '2023-06-10T14:17:00.398Z'
}
{
  message: 'Server Listening on port 5000',
  level: 'info',
  label: 'UM',
  timestamp: '2023-06-10T14:17:00.404Z'
}
Sat Jun 10 2023 20:21:50[UM] info: Database connected!
Sat Jun 10 2023 20:21:50[UM] info: Server Listening on port 5000
{
  message: 'Database connected!',
  level: 'info',
  label: 'UM',
  timestamp: '2023-06-10T14:21:56.365Z'
}
{
  message: 'Server Listening on port 5000',
  level: 'info',
  label: 'UM',
  timestamp: '2023-06-10T14:21:56.372Z'
}
{
  message: 'Database connected!',
  level: 'info',
  label: 'UM',
  timestamp: '2023-06-10T14:39:34.011Z'
}
{
  message: 'Server Listening on port 5000',
  level: 'info',
  label: 'UM',
  timestamp: '2023-06-10T14:39:34.017Z'
}
{
  message: 'Database connected!',
  level: 'info',
  label: 'UM',
  timestamp: '2023-06-10T14:39:40.169Z'
}
{
  message: 'Server Listening on port 5000',
  level: 'info',
  label: 'UM',
  timestamp: '2023-06-10T14:39:40.174Z'
}
{
  message: 'Database connected!',
  level: 'info',
  label: 'UM',
  timestamp: '2023-06-10T14:41:01.969Z'
}
{
  message: 'Server Listening on port 5000',
  level: 'info',
  label: 'UM',
  timestamp: '2023-06-10T14:41:01.977Z'
}
{
  message: 'Database connected!',
  level: 'info',
  label: 'UM',
  timestamp: '2023-06-10T14:42:48.045Z'
}
{
  message: 'Server Listening on port 5000',
  level: 'info',
  label: 'UM',
  timestamp: '2023-06-10T14:42:48.051Z'
}
