{
  message: 'Database connected!',
  level: 'info',
  label: 'UM',
  timestamp: '2023-06-10T13:22:20.732Z'
}
{
  message: 'Server Listening on port 5000',
  level: 'info',
  label: 'UM',
  timestamp: '2023-06-10T13:22:20.746Z'
}
{
  message: 'Database connected!',
  level: 'info',
  label: 'UM',
  timestamp: '2023-06-10T13:25:15.639Z'
}
{
  message: 'Server Listening on port 5000',
  level: 'info',
  label: 'UM',
  timestamp: '2023-06-10T13:25:15.645Z'
}
{
  message: 'Database connected!',
  level: 'info',
  label: 'UM',
  timestamp: '2023-06-10T13:25:50.831Z'
}
{
  message: 'Server Listening on port 5000',
  level: 'info',
  label: 'UM',
  timestamp: '2023-06-10T13:25:50.836Z'
}
{
  message: 'Database connected!',
  level: 'info',
  label: 'UM',
  timestamp: '2023-06-10T13:26:23.137Z'
}
{
  message: 'Server Listening on port 5000',
  level: 'info',
  label: 'UM',
  timestamp: '2023-06-10T13:26:23.143Z'
}
{
  message: 'Database connected!',
  level: 'info',
  label: 'UM',
  timestamp: '2023-06-10T13:26:26.593Z'
}
{
  message: 'Server Listening on port 5000',
  level: 'info',
  label: 'UM',
  timestamp: '2023-06-10T13:26:26.599Z'
}
{
  message: 'Database connected!',
  level: 'info',
  label: 'UM',
  timestamp: '2023-06-10T13:26:47.129Z'
}
{
  message: 'Server Listening on port 5000',
  level: 'info',
  label: 'UM',
  timestamp: '2023-06-10T13:26:47.135Z'
}
{
  message: 'Database connected!',
  level: 'info',
  label: 'UM',
  timestamp: '2023-06-10T13:27:04.041Z'
}
{
  message: 'Server Listening on port 5000',
  level: 'info',
  label: 'UM',
  timestamp: '2023-06-10T13:27:04.047Z'
}
{
  message: 'Database connected!',
  level: 'info',
  label: 'UM',
  timestamp: '2023-06-10T13:27:13.887Z'
}
{
  message: 'Server Listening on port 5000',
  level: 'info',
  label: 'UM',
  timestamp: '2023-06-10T13:27:13.892Z'
}
{
  message: 'Database connected!',
  level: 'info',
  label: 'UM',
  timestamp: '2023-06-10T13:28:56.346Z'
}
{
  message: 'Server Listening on port 5000',
  level: 'info',
  label: 'UM',
  timestamp: '2023-06-10T13:28:56.353Z'
}
{
  message: 'Database connected!',
  level: 'info',
  label: 'UM',
  timestamp: '2023-06-10T13:30:30.339Z'
}
{
  message: 'Server Listening on port 5000',
  level: 'info',
  label: 'UM',
  timestamp: '2023-06-10T13:30:30.345Z'
}
{
  message: 'Database connected!',
  level: 'info',
  label: 'UM',
  timestamp: '2023-06-10T13:31:02.172Z'
}
{
  message: 'Server Listening on port 5000',
  level: 'info',
  label: 'UM',
  timestamp: '2023-06-10T13:31:02.181Z'
}
{
  message: 'Database connected!',
  level: 'info',
  label: 'UM',
  timestamp: '2023-06-10T13:31:42.115Z'
}
{
  message: 'Server Listening on port 5000',
  level: 'info',
  label: 'UM',
  timestamp: '2023-06-10T13:31:42.121Z'
}
{
  message: 'Database connected!',
  level: 'info',
  label: 'UM',
  timestamp: '2023-06-10T13:32:26.797Z'
}
{
  message: 'Server Listening on port 5000',
  level: 'info',
  label: 'UM',
  timestamp: '2023-06-10T13:32:26.803Z'
}
{
  message: 'Database connected!',
  level: 'info',
  label: 'UM',
  timestamp: '2023-06-10T13:33:30.964Z'
}
{
  message: 'Server Listening on port 5000',
  level: 'info',
  label: 'UM',
  timestamp: '2023-06-10T13:33:30.970Z'
}
{
  message: 'Database connected!',
  level: 'info',
  label: 'UM',
  timestamp: '2023-06-10T13:33:56.937Z'
}
{
  message: 'Server Listening on port 5000',
  level: 'info',
  label: 'UM',
  timestamp: '2023-06-10T13:33:56.943Z'
}
{
  message: 'Database connected!',
  level: 'info',
  label: 'UM',
  timestamp: '2023-06-10T13:38:35.377Z'
}
{
  message: 'Server Listening on port 5000',
  level: 'info',
  label: 'UM',
  timestamp: '2023-06-10T13:38:35.384Z'
}
{
  message: 'Database connected!',
  level: 'info',
  label: 'UM',
  timestamp: '2023-06-10T13:38:50.285Z'
}
{
  message: 'Server Listening on port 5000',
  level: 'info',
  label: 'UM',
  timestamp: '2023-06-10T13:38:50.291Z'
}
{
  message: 'Database connected!',
  level: 'info',
  label: 'UM',
  timestamp: '2023-06-10T13:39:23.416Z'
}
{
  message: 'Server Listening on port 5000',
  level: 'info',
  label: 'UM',
  timestamp: '2023-06-10T13:39:23.422Z'
}
{
  message: 'Database connected!',
  level: 'info',
  label: 'UM',
  timestamp: '2023-06-10T13:47:56.290Z'
}
{
  message: 'Server Listening on port 5000',
  level: 'info',
  label: 'UM',
  timestamp: '2023-06-10T13:47:56.297Z'
}
{
  message: 'Database connected!',
  level: 'info',
  label: 'UM',
  timestamp: '2023-06-10T13:48:38.292Z'
}
{
  message: 'Server Listening on port 5000',
  level: 'info',
  label: 'UM',
  timestamp: '2023-06-10T13:48:38.298Z'
}
{
  message: 'Database connected!',
  level: 'info',
  label: 'UM',
  timestamp: '2023-06-10T13:48:45.406Z'
}
{
  message: 'Server Listening on port 5000',
  level: 'info',
  label: 'UM',
  timestamp: '2023-06-10T13:48:45.412Z'
}
{
  message: 'Database connected!',
  level: 'info',
  label: 'UM',
  timestamp: '2023-06-10T13:49:09.464Z'
}
{
  message: 'Server Listening on port 5000',
  level: 'info',
  label: 'UM',
  timestamp: '2023-06-10T13:49:09.470Z'
}
{
  message: 'Database connected!',
  level: 'info',
  label: 'UM',
  timestamp: '2023-06-10T13:56:45.276Z'
}
{
  message: 'Server Listening on port 5000',
  level: 'info',
  label: 'UM',
  timestamp: '2023-06-10T13:56:45.281Z'
}
