{
  message: 'Redis connected',
  level: 'error',
  label: 'UM',
  timestamp: '2023-09-25T16:26:55.442Z'
}
{
  message: '🛢   Database is connected successfully',
  level: 'info',
  label: 'UM',
  timestamp: '2023-09-25T16:27:03.157Z'
}
{
  message: 'Application  listening on port 3001',
  level: 'info',
  label: 'UM',
  timestamp: '2023-09-25T16:27:03.161Z'
}
{
  message: 'Redis connected',
  level: 'error',
  label: 'UM',
  timestamp: '2023-09-25T16:50:59.114Z'
}
{
  message: '🛢   Database is connected successfully',
  level: 'info',
  label: 'UM',
  timestamp: '2023-09-25T16:51:00.483Z'
}
{
  message: 'Application  listening on port 3001',
  level: 'info',
  label: 'UM',
  timestamp: '2023-09-25T16:51:00.487Z'
}
