{ level: 'error', label: 'UM', timestamp: '2023-06-10T13:29:18.898Z' }
{ level: 'error', label: 'UM', timestamp: '2023-06-10T13:32:03.894Z' }
{ level: 'error', label: 'UM', timestamp: '2023-06-10T13:35:04.684Z' }
{ level: 'error', label: 'UM', timestamp: '2023-06-10T13:57:20.867Z' }
{ level: 'error', label: 'UM', timestamp: '2023-06-10T14:01:17.443Z' }
{ level: 'error', label: 'UM', timestamp: '2023-06-10T14:03:13.115Z' }
{
  ok: 0,
  code: 8000,
  codeName: 'AtlasError',
  connectionGeneration: 0,
  level: 'error',
  label: 'UM',
  timestamp: '2023-06-10T14:16:11.823Z',
  [Symbol(errorLabels)]: Set(2) { 'HandshakeError', 'ResetPool' }
}
{ level: 'error', label: 'UM', timestamp: '2023-06-10T14:39:48.057Z' }
{ level: 'error', label: 'UM', timestamp: '2023-06-10T14:40:16.171Z' }
Sat Jun 10 2023 20:40:43[UM] error: The `uri` parameter to `openUri()` must be a string, got "undefined". Make sure the first parameter to `mongoose.connect()` or `mongoose.createConnection()` is a string.
Sat Jun 10 2023 20:45:39[UM] error: Testing Error logger
Tue Jun 13 2023 2:19:5[UM] error: listen EADDRINUSE: address already in use :::5000
